INFO|2017-11-18 19:27:23,526|pysph.solver.application|Running on Destroyer with address 127.0.1.1
INFO|2017-11-18 19:27:23,896|pysph.solver.application|Generating output in /home/prasad/Particle-Methods/edm/pysph/A10/__main___output
INFO|2017-11-18 19:27:23,897|pysph.solver.solver|Using equations:
----------------------------------------------------------------------
[
Group(equations=[
TaitEOS(dest='fluid', sources=None, rho0=1.0, c0=1400, gamma=7.0, p0=0.0)
    ],
    real=False, update_nnps=False, iterate=False, max_iterations=1, min_iterations=0),
Group(equations=[
ContinuityEquation(dest='fluid', sources=['fluid']),
MomentumEquation(dest='fluid', sources=['fluid'], c0=1400, alpha=1.0, beta=0.0, gx=0.0, gy=0.0, gz=0.0, tensile_correction=False),
XSPHCorrection(dest='fluid', sources=['fluid'], eps=0.5)
    ],
    real=True, update_nnps=False, iterate=False, max_iterations=1, min_iterations=0)
]
----------------------------------------------------------------------
INFO|2017-11-18 19:27:23,897|pysph.solver.solver|Using integrator:
----------------------------------------------------------------------
  PECIntegrator(fluid=WCSPHStep())
----------------------------------------------------------------------
INFO|2017-11-18 19:27:32,190|pysph.solver.application|started multiprocessing interface on ('0.0.0.0', 8800)
INFO|2017-11-18 19:27:32,190|pysph.solver.application|Setup took: 8.66465 secs
INFO|2017-11-18 19:27:32,191|pysph.solver.solver|Writing output at time 0, iteration 0, dt = 5e-06
INFO|2017-11-18 19:27:40,454|pysph.solver.solver|Writing output at time 0.0005, iteration 100, dt = 5e-06
INFO|2017-11-18 19:53:48,855|pysph.solver.application|Running on Destroyer with address 127.0.1.1
INFO|2017-11-18 19:53:48,873|pysph.solver.application|Generating output in /home/prasad/Particle-Methods/edm/pysph/A10/__main___output
INFO|2017-11-18 19:53:48,876|pysph.solver.solver|Using equations:
----------------------------------------------------------------------
[
Group(equations=[
TaitEOS(dest='fluid', sources=None, rho0=1.0, c0=1400, gamma=7.0, p0=0.0)
    ],
    real=False, update_nnps=False, iterate=False, max_iterations=1, min_iterations=0),
Group(equations=[
ContinuityEquation(dest='fluid', sources=['fluid']),
MomentumEquation(dest='fluid', sources=['fluid'], c0=1400, alpha=1.0, beta=0.0, gx=0.0, gy=0.0, gz=0.0, tensile_correction=False),
XSPHCorrection(dest='fluid', sources=['fluid'], eps=0.5)
    ],
    real=True, update_nnps=False, iterate=False, max_iterations=1, min_iterations=0)
]
----------------------------------------------------------------------
INFO|2017-11-18 19:53:48,876|pysph.solver.solver|Using integrator:
----------------------------------------------------------------------
  PECIntegrator(fluid=WCSPHStep())
----------------------------------------------------------------------
INFO|2017-11-18 19:53:49,019|pysph.solver.application|started multiprocessing interface on ('0.0.0.0', 8800)
INFO|2017-11-18 19:53:49,019|pysph.solver.application|Setup took: 0.16498 secs
INFO|2017-11-18 19:53:49,019|pysph.solver.solver|Writing output at time 0, iteration 0, dt = 5e-06
INFO|2017-11-18 19:53:57,348|pysph.solver.solver|Writing output at time 0.0005, iteration 100, dt = 5e-06
INFO|2017-11-18 19:54:05,806|pysph.solver.solver|Writing output at time 0.001, iteration 200, dt = 5e-06
INFO|2017-11-18 19:54:14,000|pysph.solver.solver|Writing output at time 0.0015, iteration 300, dt = 5e-06
INFO|2017-11-18 19:54:22,242|pysph.solver.solver|Writing output at time 0.002, iteration 400, dt = 5e-06
INFO|2017-11-18 19:54:30,655|pysph.solver.solver|Writing output at time 0.0025, iteration 500, dt = 5e-06
INFO|2017-11-18 19:54:47,083|pysph.solver.application|Running on Destroyer with address 127.0.1.1
INFO|2017-11-18 19:54:47,100|pysph.solver.application|Generating output in /home/prasad/Particle-Methods/edm/pysph/A10/__main___output
INFO|2017-11-18 19:54:47,101|pysph.solver.solver|Using equations:
----------------------------------------------------------------------
[
Group(equations=[
TaitEOS(dest='fluid', sources=None, rho0=1.0, c0=1400, gamma=7.0, p0=0.0)
    ],
    real=False, update_nnps=False, iterate=False, max_iterations=1, min_iterations=0),
Group(equations=[
ContinuityEquation(dest='fluid', sources=['fluid']),
MomentumEquation(dest='fluid', sources=['fluid'], c0=1400, alpha=1.0, beta=0.0, gx=0.0, gy=0.0, gz=0.0, tensile_correction=False),
XSPHCorrection(dest='fluid', sources=['fluid'], eps=0.5)
    ],
    real=True, update_nnps=False, iterate=False, max_iterations=1, min_iterations=0)
]
----------------------------------------------------------------------
INFO|2017-11-18 19:54:47,102|pysph.solver.solver|Using integrator:
----------------------------------------------------------------------
  PECIntegrator(fluid=WCSPHStep())
----------------------------------------------------------------------
INFO|2017-11-18 19:54:47,333|pysph.solver.application|started multiprocessing interface on ('0.0.0.0', 8800)
INFO|2017-11-18 19:54:47,334|pysph.solver.application|Setup took: 0.25126 secs
INFO|2017-11-18 19:54:47,334|pysph.solver.solver|Writing output at time 0, iteration 0, dt = 5e-06
INFO|2017-11-18 19:54:56,030|pysph.solver.solver|Writing output at time 0.0005, iteration 100, dt = 5e-06
INFO|2017-11-18 19:55:04,422|pysph.solver.solver|Writing output at time 0.001, iteration 200, dt = 5e-06
INFO|2017-11-18 19:55:12,850|pysph.solver.solver|Writing output at time 0.0015, iteration 300, dt = 5e-06
INFO|2017-11-18 19:55:21,217|pysph.solver.solver|Writing output at time 0.002, iteration 400, dt = 5e-06
INFO|2017-11-18 19:55:29,972|pysph.solver.solver|Writing output at time 0.0025, iteration 500, dt = 5e-06
INFO|2017-11-18 19:55:38,330|pysph.solver.solver|Writing output at time 0.003, iteration 600, dt = 5e-06
INFO|2017-11-18 19:55:46,642|pysph.solver.solver|Writing output at time 0.0035, iteration 700, dt = 5e-06
INFO|2017-11-18 19:55:55,001|pysph.solver.solver|Writing output at time 0.004, iteration 800, dt = 5e-06
INFO|2017-11-18 19:56:03,343|pysph.solver.solver|Writing output at time 0.0045, iteration 900, dt = 5e-06
INFO|2017-11-18 19:56:03,358|pysph.solver.application|Run took: 76.02442 secs
INFO|2017-11-18 20:18:09,816|pysph.solver.application|Running on Destroyer with address 127.0.1.1
INFO|2017-11-18 20:18:09,848|pysph.solver.application|Generating output in /home/prasad/Particle-Methods/edm/pysph/A10/__main___output
INFO|2017-11-18 20:18:09,852|pysph.solver.solver|Using equations:
----------------------------------------------------------------------
[
Group(equations=[
TaitEOS(dest='fluid', sources=None, rho0=1.0, c0=1400, gamma=7.0, p0=0.0),
TaitEOS(dest='solid', sources=None, rho0=1.0, c0=1400, gamma=7.0, p0=0.0)
    ],
    real=False, update_nnps=False, iterate=False, max_iterations=1, min_iterations=0),
Group(equations=[
ContinuityEquation(dest='fluid', sources=['fluid', 'solid']),
ContinuityEquation(dest='solid', sources=['fluid']),
MomentumEquation(dest='fluid', sources=['fluid', 'solid'], c0=1400, alpha=1.0, beta=0.0, gx=0.0, gy=-9.81, gz=0.0, tensile_correction=False),
XSPHCorrection(dest='fluid', sources=['fluid'], eps=0.5)
    ],
    real=True, update_nnps=False, iterate=False, max_iterations=1, min_iterations=0)
]
----------------------------------------------------------------------
INFO|2017-11-18 20:18:09,852|pysph.solver.solver|Using integrator:
----------------------------------------------------------------------
  PECIntegrator(solid=WCSPHStep(), fluid=WCSPHStep())
----------------------------------------------------------------------
INFO|2017-11-18 20:18:16,382|pysph.solver.application|started multiprocessing interface on ('0.0.0.0', 8800)
INFO|2017-11-18 20:18:16,382|pysph.solver.application|Setup took: 6.56679 secs
INFO|2017-11-18 20:18:16,383|pysph.solver.solver|Writing output at time 0, iteration 0, dt = 0.01
