INFO|2017-11-19 00:46:40,529|pysph.solver.application|Running on prashant with address 127.0.1.1
INFO|2017-11-19 00:46:40,891|pysph.solver.application|Generating output in /home/prashant/Documents/semester 7/Particle Methods/Assignment10/A10/exper_dam_brk_output
INFO|2017-11-19 00:46:40,898|pysph.solver.solver|Using equations:
----------------------------------------------------------------------
[
Group(equations=[
TaitEOS(dest='fluid', sources=None, rho0=1000.0, c0=60.0, gamma=7.0, p0=0.0),
TaitEOS(dest='solid', sources=None, rho0=1000.0, c0=60.0, gamma=7.0, p0=0.0),
TaitEOS(dest='cube', sources=None, rho0=1000.0, c0=60.0, gamma=7.0, p0=0.0)
    ],
    real=False, update_nnps=False, iterate=False, max_iterations=1, min_iterations=0),
Group(equations=[
ContinuityEquation(dest='solid', sources=['fluid']),
ContinuityEquation(dest='cube', sources=['fluid']),
ContinuityEquation(dest='fluid', sources=['fluid', 'solid', 'cube']),
MomentumEquation(dest='fluid', sources=['fluid', 'solid', 'cube'], c0=60.0, alpha=0.1, beta=0.0, gx=0.0, gy=-9.81, gz=0.0, tensile_correction=False),
XSPHCorrection(dest='fluid', sources=['fluid'], eps=0.5)
    ],
    real=True, update_nnps=False, iterate=False, max_iterations=1, min_iterations=0),
Group(equations=[
UpdateSmoothingLengthFerrari(dest='fluid', sources=None, hdx=1.3)
    ],
    real=False, update_nnps=False, iterate=False, max_iterations=1, min_iterations=0)
]
----------------------------------------------------------------------
INFO|2017-11-19 00:46:40,899|pysph.solver.solver|Using integrator:
----------------------------------------------------------------------
  PECIntegrator(solid=WCSPHStep(), fluid=WCSPHStep())
----------------------------------------------------------------------
INFO|2017-11-19 00:46:41,593|pysph.solver.application|started multiprocessing interface on ('0.0.0.0', 8800)
INFO|2017-11-19 00:46:41,593|pysph.solver.application|Setup took: 1.15340 secs
INFO|2017-11-19 00:46:41,594|pysph.solver.solver|Writing output at time 0, iteration 0, dt = 0.1
INFO|2017-11-19 00:46:50,974|pysph.solver.solver|Writing output at time 0.0194454, iteration 100, dt = 0.000193861
INFO|2017-11-19 00:47:00,714|pysph.solver.solver|Writing output at time 0.0387732, iteration 200, dt = 0.000192735
INFO|2017-11-19 00:47:11,260|pysph.solver.solver|Writing output at time 0.0579899, iteration 300, dt = 0.000191466
INFO|2017-11-19 00:47:21,273|pysph.solver.solver|Writing output at time 0.077113, iteration 400, dt = 0.000191052
INFO|2017-11-19 00:47:32,208|pysph.solver.solver|Writing output at time 0.0961427, iteration 500, dt = 0.000189763
INFO|2017-11-19 00:47:42,646|pysph.solver.solver|Writing output at time 0.115097, iteration 600, dt = 0.00018876
INFO|2017-11-19 00:47:53,702|pysph.solver.solver|Writing output at time 0.133963, iteration 700, dt = 0.000188595
INFO|2017-11-19 00:48:04,399|pysph.solver.solver|Writing output at time 0.15271, iteration 800, dt = 0.000184011
INFO|2017-11-19 00:48:14,801|pysph.solver.solver|Writing output at time 0.171216, iteration 900, dt = 0.000186164
INFO|2017-11-19 00:48:24,885|pysph.solver.solver|Writing output at time 0.189963, iteration 1000, dt = 0.000188053
INFO|2017-11-19 00:48:34,632|pysph.solver.solver|Writing output at time 0.208683, iteration 1100, dt = 0.000187269
INFO|2017-11-19 00:48:44,673|pysph.solver.solver|Writing output at time 0.227406, iteration 1200, dt = 0.000185227
INFO|2017-11-19 00:48:56,056|pysph.solver.solver|Writing output at time 0.246028, iteration 1300, dt = 0.000187878
INFO|2017-11-19 00:49:05,493|pysph.solver.solver|Writing output at time 0.264794, iteration 1400, dt = 0.000187998
INFO|2017-11-19 00:49:15,498|pysph.solver.solver|Writing output at time 0.283538, iteration 1500, dt = 0.000187111
INFO|2017-11-19 00:49:24,915|pysph.solver.solver|Writing output at time 0.302235, iteration 1600, dt = 0.000186524
INFO|2017-11-19 00:49:34,410|pysph.solver.solver|Writing output at time 0.320884, iteration 1700, dt = 0.000186163
INFO|2017-11-19 00:49:43,855|pysph.solver.solver|Writing output at time 0.339476, iteration 1800, dt = 0.000184429
INFO|2017-11-19 00:49:53,531|pysph.solver.solver|Writing output at time 0.358002, iteration 1900, dt = 0.000185165
INFO|2017-11-19 00:50:03,155|pysph.solver.solver|Writing output at time 0.376283, iteration 2000, dt = 0.000176357
INFO|2017-11-19 00:50:12,793|pysph.solver.solver|Writing output at time 0.389258, iteration 2100, dt = 0.000140326
INFO|2017-11-19 00:50:22,426|pysph.solver.solver|Writing output at time 0.406961, iteration 2200, dt = 0.000185212
INFO|2017-11-19 00:50:32,075|pysph.solver.solver|Writing output at time 0.425483, iteration 2300, dt = 0.000183406
INFO|2017-11-19 00:50:41,971|pysph.solver.solver|Writing output at time 0.442564, iteration 2400, dt = 0.000136527
INFO|2017-11-19 00:50:51,723|pysph.solver.solver|Writing output at time 0.458073, iteration 2500, dt = 0.000166626
INFO|2017-11-19 00:51:01,387|pysph.solver.solver|Writing output at time 0.474396, iteration 2600, dt = 0.000151727
INFO|2017-11-19 00:51:11,093|pysph.solver.solver|Writing output at time 0.486931, iteration 2700, dt = 0.000135207
INFO|2017-11-19 00:51:20,929|pysph.solver.solver|Writing output at time 0.500888, iteration 2800, dt = 7.81876e-05
INFO|2017-11-19 00:51:30,874|pysph.solver.solver|Writing output at time 0.513886, iteration 2900, dt = 0.000143037
INFO|2017-11-19 00:51:40,798|pysph.solver.solver|Writing output at time 0.525616, iteration 3000, dt = 0.000148233
INFO|2017-11-19 00:51:51,130|pysph.solver.solver|Writing output at time 0.538899, iteration 3100, dt = 5.83879e-05
INFO|2017-11-19 00:52:01,101|pysph.solver.solver|Writing output at time 0.548857, iteration 3200, dt = 0.000151734
INFO|2017-11-19 00:52:11,124|pysph.solver.solver|Writing output at time 0.561539, iteration 3300, dt = 0.00013403
INFO|2017-11-19 00:52:21,291|pysph.solver.solver|Writing output at time 0.572651, iteration 3400, dt = 0.000127622
INFO|2017-11-19 00:52:31,452|pysph.solver.solver|Writing output at time 0.581305, iteration 3500, dt = 6.35629e-05
INFO|2017-11-19 00:52:41,569|pysph.solver.solver|Writing output at time 0.590235, iteration 3600, dt = 0.00013793
INFO|2017-11-19 00:52:51,658|pysph.solver.solver|Writing output at time 0.603992, iteration 3700, dt = 4.94031e-05
INFO|2017-11-19 00:53:01,557|pysph.solver.solver|Writing output at time 0.613987, iteration 3800, dt = 0.000113176
INFO|2017-11-19 00:53:11,747|pysph.solver.solver|Writing output at time 0.6272, iteration 3900, dt = 2.54126e-05
INFO|2017-11-19 00:53:21,691|pysph.solver.solver|Writing output at time 0.636578, iteration 4000, dt = 6.34681e-05
INFO|2017-11-19 00:53:31,482|pysph.solver.solver|Writing output at time 0.646471, iteration 4100, dt = 5.22466e-05
INFO|2017-11-19 00:53:41,400|pysph.solver.solver|Writing output at time 0.65742, iteration 4200, dt = 0.00012739
INFO|2017-11-19 00:53:51,486|pysph.solver.solver|Writing output at time 0.668963, iteration 4300, dt = 0.000149614
INFO|2017-11-19 00:54:01,503|pysph.solver.solver|Writing output at time 0.681724, iteration 4400, dt = 0.000133891
INFO|2017-11-19 00:54:11,736|pysph.solver.solver|Writing output at time 0.695344, iteration 4500, dt = 0.000134632
INFO|2017-11-19 00:54:22,047|pysph.solver.solver|Writing output at time 0.710369, iteration 4600, dt = 0.00013431
INFO|2017-11-19 00:54:32,207|pysph.solver.solver|Writing output at time 0.725052, iteration 4700, dt = 0.000151913
INFO|2017-11-19 00:54:43,089|pysph.solver.solver|Writing output at time 0.741466, iteration 4800, dt = 0.000158975
INFO|2017-11-19 00:54:54,166|pysph.solver.solver|Writing output at time 0.754844, iteration 4900, dt = 0.000156191
INFO|2017-11-19 00:55:05,292|pysph.solver.solver|Writing output at time 0.769486, iteration 5000, dt = 9.12352e-05
INFO|2017-11-19 00:55:16,647|pysph.solver.solver|Writing output at time 0.779133, iteration 5100, dt = 0.000124898
INFO|2017-11-19 00:55:27,630|pysph.solver.solver|Writing output at time 0.787792, iteration 5200, dt = 0.000125291
INFO|2017-11-19 00:55:39,412|pysph.solver.solver|Writing output at time 0.798206, iteration 5300, dt = 0.000115706
INFO|2017-11-19 00:55:50,326|pysph.solver.solver|Writing output at time 0.80952, iteration 5400, dt = 0.000132362
INFO|2017-11-19 00:56:02,654|pysph.solver.solver|Writing output at time 0.822009, iteration 5500, dt = 9.63912e-05
INFO|2017-11-19 00:56:13,855|pysph.solver.solver|Writing output at time 0.835342, iteration 5600, dt = 0.000147068
INFO|2017-11-19 00:56:25,807|pysph.solver.solver|Writing output at time 0.84902, iteration 5700, dt = 0.000121747
INFO|2017-11-19 00:56:35,981|pysph.solver.solver|Writing output at time 0.863858, iteration 5800, dt = 0.000129503
INFO|2017-11-19 00:56:45,738|pysph.solver.solver|Writing output at time 0.879982, iteration 5900, dt = 0.000164579
INFO|2017-11-19 00:56:57,106|pysph.solver.solver|Writing output at time 0.896403, iteration 6000, dt = 0.000163634
INFO|2017-11-19 00:57:09,092|pysph.solver.solver|Writing output at time 0.912983, iteration 6100, dt = 0.000166683
INFO|2017-11-19 00:57:20,435|pysph.solver.solver|Writing output at time 0.928744, iteration 6200, dt = 0.000163652
INFO|2017-11-19 00:57:31,868|pysph.solver.solver|Writing output at time 0.942752, iteration 6300, dt = 0.00016244
INFO|2017-11-19 00:57:43,340|pysph.solver.solver|Writing output at time 0.959048, iteration 6400, dt = 0.000164197
INFO|2017-11-19 00:57:55,136|pysph.solver.solver|Writing output at time 0.975973, iteration 6500, dt = 0.000169579
INFO|2017-11-19 00:58:06,089|pysph.solver.solver|Writing output at time 0.993047, iteration 6600, dt = 0.000165198
INFO|2017-11-19 00:58:16,638|pysph.solver.solver|Writing output at time 1.00967, iteration 6700, dt = 0.000168719
INFO|2017-11-19 00:58:28,460|pysph.solver.solver|Writing output at time 1.02634, iteration 6800, dt = 0.000172977
INFO|2017-11-19 00:58:39,766|pysph.solver.solver|Writing output at time 1.04277, iteration 6900, dt = 0.000164906
INFO|2017-11-19 00:58:51,412|pysph.solver.solver|Writing output at time 1.05944, iteration 7000, dt = 0.000163303
INFO|2017-11-19 00:59:02,059|pysph.solver.solver|Writing output at time 1.0755, iteration 7100, dt = 0.000169362
INFO|2017-11-19 00:59:13,561|pysph.solver.solver|Writing output at time 1.09208, iteration 7200, dt = 0.000162281
INFO|2017-11-19 00:59:26,200|pysph.solver.solver|Writing output at time 1.10861, iteration 7300, dt = 0.000160087
INFO|2017-11-19 00:59:37,110|pysph.solver.solver|Writing output at time 1.1246, iteration 7400, dt = 0.000166325
INFO|2017-11-19 00:59:49,797|pysph.solver.solver|Writing output at time 1.14034, iteration 7500, dt = 0.000114287
INFO|2017-11-19 01:00:02,457|pysph.solver.solver|Writing output at time 1.15529, iteration 7600, dt = 0.000167989
INFO|2017-11-19 01:00:15,029|pysph.solver.solver|Writing output at time 1.17212, iteration 7700, dt = 0.000165575
INFO|2017-11-19 01:00:27,037|pysph.solver.solver|Writing output at time 1.18903, iteration 7800, dt = 0.000167535
INFO|2017-11-19 01:00:38,832|pysph.solver.solver|Writing output at time 1.20535, iteration 7900, dt = 0.000152334
INFO|2017-11-19 01:00:50,179|pysph.solver.solver|Writing output at time 1.22145, iteration 8000, dt = 0.000170519
INFO|2017-11-19 01:01:01,308|pysph.solver.solver|Writing output at time 1.2385, iteration 8100, dt = 0.000174281
INFO|2017-11-19 01:01:11,750|pysph.solver.solver|Writing output at time 1.2556, iteration 8200, dt = 0.00016612
INFO|2017-11-19 01:01:23,009|pysph.solver.solver|Writing output at time 1.27172, iteration 8300, dt = 0.000165642
INFO|2017-11-19 01:01:34,190|pysph.solver.solver|Writing output at time 1.28824, iteration 8400, dt = 0.000163552
INFO|2017-11-19 01:01:45,261|pysph.solver.solver|Writing output at time 1.30412, iteration 8500, dt = 0.000152435
INFO|2017-11-19 01:01:55,938|pysph.solver.solver|Writing output at time 1.32104, iteration 8600, dt = 0.000173786
INFO|2017-11-19 01:02:05,989|pysph.solver.solver|Writing output at time 1.33805, iteration 8700, dt = 0.00016984
INFO|2017-11-19 01:02:16,450|pysph.solver.solver|Writing output at time 1.354, iteration 8800, dt = 0.000172953
INFO|2017-11-19 01:02:27,155|pysph.solver.solver|Writing output at time 1.37139, iteration 8900, dt = 0.00017403
INFO|2017-11-19 01:02:37,967|pysph.solver.solver|Writing output at time 1.38842, iteration 9000, dt = 0.000170864
INFO|2017-11-19 01:02:48,946|pysph.solver.solver|Writing output at time 1.40532, iteration 9100, dt = 0.000161009
INFO|2017-11-19 01:02:59,294|pysph.solver.solver|Writing output at time 1.41839, iteration 9200, dt = 8.32295e-05
INFO|2017-11-19 01:03:10,260|pysph.solver.solver|Writing output at time 1.43267, iteration 9300, dt = 0.000151662
INFO|2017-11-19 01:03:20,696|pysph.solver.solver|Writing output at time 1.4487, iteration 9400, dt = 0.000161656
INFO|2017-11-19 01:03:31,943|pysph.solver.solver|Writing output at time 1.46499, iteration 9500, dt = 0.00016892
INFO|2017-11-19 01:03:43,161|pysph.solver.solver|Writing output at time 1.48177, iteration 9600, dt = 0.000169657
INFO|2017-11-19 01:03:52,972|pysph.solver.solver|Writing output at time 1.49905, iteration 9700, dt = 0.000170672
INFO|2017-11-19 01:04:02,989|pysph.solver.solver|Writing output at time 1.51574, iteration 9800, dt = 0.000173471
INFO|2017-11-19 01:04:13,723|pysph.solver.solver|Writing output at time 1.5308, iteration 9900, dt = 0.000112294
INFO|2017-11-19 01:04:24,733|pysph.solver.solver|Writing output at time 1.54646, iteration 10000, dt = 0.000171254
INFO|2017-11-19 01:04:35,572|pysph.solver.solver|Writing output at time 1.5637, iteration 10100, dt = 0.000171206
INFO|2017-11-19 01:04:46,404|pysph.solver.solver|Writing output at time 1.58004, iteration 10200, dt = 0.000156688
INFO|2017-11-19 01:04:57,812|pysph.solver.solver|Writing output at time 1.59617, iteration 10300, dt = 0.000162722
INFO|2017-11-19 01:05:10,912|pysph.solver.solver|Writing output at time 1.61187, iteration 10400, dt = 0.000146978
INFO|2017-11-19 01:05:23,560|pysph.solver.solver|Writing output at time 1.6257, iteration 10500, dt = 0.000129977
INFO|2017-11-19 01:05:36,937|pysph.solver.solver|Writing output at time 1.63553, iteration 10600, dt = 3.23639e-05
INFO|2017-11-19 01:05:51,876|pysph.solver.solver|Writing output at time 1.63937, iteration 10700, dt = 1.32319e-05
INFO|2017-11-19 01:06:05,613|pysph.solver.solver|Writing output at time 1.6415, iteration 10800, dt = 1.22054e-05
INFO|2017-11-19 01:06:18,441|pysph.solver.solver|Writing output at time 1.64496, iteration 10900, dt = 4.66116e-05
INFO|2017-11-19 01:06:30,923|pysph.solver.solver|Writing output at time 1.65142, iteration 11000, dt = 9.86005e-05
INFO|2017-11-19 01:06:43,745|pysph.solver.solver|Writing output at time 1.65717, iteration 11100, dt = 5.14871e-05
INFO|2017-11-19 01:06:56,269|pysph.solver.solver|Writing output at time 1.66276, iteration 11200, dt = 5.15334e-05
INFO|2017-11-19 01:07:08,687|pysph.solver.solver|Writing output at time 1.66651, iteration 11300, dt = 8.42558e-05
INFO|2017-11-19 01:07:21,315|pysph.solver.solver|Writing output at time 1.67298, iteration 11400, dt = 1.71623e-05
INFO|2017-11-19 01:07:33,599|pysph.solver.solver|Writing output at time 1.67943, iteration 11500, dt = 7.83826e-05
INFO|2017-11-19 01:07:45,000|pysph.solver.solver|Writing output at time 1.68465, iteration 11600, dt = 2.68703e-05
INFO|2017-11-19 01:07:56,335|pysph.solver.solver|Writing output at time 1.68744, iteration 11700, dt = 1.82917e-06
INFO|2017-11-19 01:08:06,504|pysph.solver.solver|Writing output at time 1.6889, iteration 11800, dt = 1.53742e-05
INFO|2017-11-19 01:08:16,678|pysph.solver.solver|Writing output at time 1.68958, iteration 11900, dt = 5.10139e-06
INFO|2017-11-19 01:08:27,587|pysph.solver.solver|Writing output at time 1.6925, iteration 12000, dt = 6.15751e-05
INFO|2017-11-19 01:08:38,922|pysph.solver.solver|Writing output at time 1.69887, iteration 12100, dt = 1.62464e-06
INFO|2017-11-19 01:08:50,292|pysph.solver.solver|Writing output at time 1.70061, iteration 12200, dt = 2.58014e-05
INFO|2017-11-19 01:09:00,945|pysph.solver.solver|Writing output at time 1.70336, iteration 12300, dt = 1.33975e-05
INFO|2017-11-19 01:09:11,553|pysph.solver.solver|Writing output at time 1.7062, iteration 12400, dt = 4.29687e-05
INFO|2017-11-19 01:09:21,816|pysph.solver.solver|Writing output at time 1.71086, iteration 12500, dt = 5.60311e-05
INFO|2017-11-19 01:09:31,867|pysph.solver.solver|Writing output at time 1.71322, iteration 12600, dt = 5.12604e-05
INFO|2017-11-19 01:09:41,997|pysph.solver.solver|Writing output at time 1.71875, iteration 12700, dt = 6.18626e-05
